<?xml version="1.0" encoding="utf-8"?><testsuites><testsuite name="pytest" errors="0" failures="0" skipped="0" tests="3" time="40.519" timestamp="2023-11-23T13:35:37.680610" hostname="Veronika-MacBook-Air.local"><testcase classname="test_HomePage.TestHomePage" name="test_formSubmission[getData0]" time="15.119" /><testcase classname="test_HomePage.TestHomePage" name="test_formSubmission[getData1]" time="2.654" /><testcase classname="test_e2e.TestOne" name="test_e2e" time="22.675" /></testsuite></testsuites>